2015-08-12 13:34:54,775 - Loaded default TestExecutionListener class names from location [META-INF/spring.factories]: [org.springframework.test.context.web.ServletTestExecutionListener, org.springframework.test.context.support.DependencyInjectionTestExecutionListener, org.springframework.test.context.support.DirtiesContextTestExecutionListener, org.springframework.test.context.transaction.TransactionalTestExecutionListener, org.springframework.test.context.jdbc.SqlScriptsTestExecutionListener]
2015-08-12 13:34:54,853 - Using TestExecutionListeners: [org.springframework.test.context.web.ServletTestExecutionListener@69ea3742, org.springframework.test.context.support.DependencyInjectionTestExecutionListener@4b952a2d, org.springframework.test.context.support.DirtiesContextTestExecutionListener@3159c4b8, org.springframework.test.context.transaction.TransactionalTestExecutionListener@73846619, org.springframework.test.context.jdbc.SqlScriptsTestExecutionListener@4bec1f0c]
2015-08-12 13:34:55,412 - Refreshing org.springframework.web.context.support.GenericWebApplicationContext@22a67b4: startup date [Wed Aug 12 13:34:55 CST 2015]; root of context hierarchy
2015-08-12 13:34:56,536 - Loading XML bean definitions from URL [file:/D:/work/erpservice/project/erpservice/erpservice-datacenter/target/classes/applicationContext-datacenter.xml]
2015-08-12 13:34:56,719 - Loading XML bean definitions from URL [file:/D:/work/erpservice/project/erpservice/erpservice-datacenter/target/classes/config_test.xml]
2015-08-12 13:34:56,756 - Loading XML bean definitions from URL [file:/D:/work/erpservice/project/erpservice/erpservice-datacenter/target/classes/config_prod.xml]
2015-08-12 13:34:57,456 - Loading XML bean definitions from URL [file:/D:/work/erpservice/project/erpservice/erpservice-api/target/classes/applicationContext-providers.xml]
2015-08-12 13:34:57,741 - Skipping bean definition for [BeanMethod:name=netShopHandlerBuilder,declaringClass=com.huobanplus.erpprovider.netshop.config.NetShopConfig]: a definition for bean 'netShopHandlerBuilder' already exists. This top-level bean definition is considered as an override.
2015-08-12 13:34:57,744 - Skipping bean definition for [BeanMethod:name=huobanMallHandlerBuilder,declaringClass=com.huobanplus.erpprovider.huobanmall.config.HuobanMallConfig]: a definition for bean 'huobanMallHandlerBuilder' already exists. This top-level bean definition is considered as an override.
2015-08-12 13:34:58,534 - Initializing ExecutorService 
2015-08-12 13:34:58,535 - Bean 'executor' of type [class org.springframework.scheduling.config.TaskExecutorFactoryBean] is not eligible for getting processed by all BeanPostProcessors (for example: not eligible for auto-proxying)
2015-08-12 13:34:58,536 - Bean 'executor' of type [class org.springframework.scheduling.concurrent.ThreadPoolTaskExecutor] is not eligible for getting processed by all BeanPostProcessors (for example: not eligible for auto-proxying)
2015-08-12 13:34:58,577 - Initializing ExecutorService  'scheduler'
2015-08-12 13:34:58,579 - Bean 'scheduler' of type [class org.springframework.scheduling.concurrent.ThreadPoolTaskScheduler] is not eligible for getting processed by all BeanPostProcessors (for example: not eligible for auto-proxying)
2015-08-12 13:34:58,721 - MLog clients using log4j logging.
2015-08-12 13:34:59,082 - Initializing c3p0-0.9.2.1 [built 20-March-2013 10:47:27 +0000; debug? true; trace: 10]
2015-08-12 13:34:59,339 - Building JPA container EntityManagerFactory for persistence unit 'basePu'
2015-08-12 13:34:59,390 - HHH000204: Processing PersistenceUnitInfo [
	name: basePu
	...]
2015-08-12 13:34:59,624 - HHH000412: Hibernate Core {4.3.9.Final}
2015-08-12 13:34:59,628 - HHH000206: hibernate.properties not found
2015-08-12 13:34:59,631 - HHH000021: Bytecode provider name : javassist
2015-08-12 13:35:00,012 - HCANN000001: Hibernate Commons Annotations {4.0.5.Final}
2015-08-12 13:35:00,084 - HHH000400: Using dialect: org.hibernate.dialect.SQLServer2008Dialect
2015-08-12 13:35:00,100 - HHH000422: Disabling contextual LOB creation as connection was null
2015-08-12 13:35:00,347 - HHH000397: Using ASTQueryTranslatorFactory
2015-08-12 13:35:01,349 - HHH000227: Running hbm2ddl schema export
2015-08-12 13:35:01,394 - Initializing c3p0 pool... com.mchange.v2.c3p0.ComboPooledDataSource [ acquireIncrement -> 3, acquireRetryAttempts -> 30, acquireRetryDelay -> 1000, autoCommitOnClose -> false, automaticTestTable -> null, breakAfterAcquireFailure -> false, checkoutTimeout -> 0, connectionCustomizerClassName -> null, connectionTesterClassName -> com.mchange.v2.c3p0.impl.DefaultConnectionTester, dataSourceName -> 1hge16k9b8zoeo710xza1e|4ddbbdf8, debugUnreturnedConnectionStackTraces -> false, description -> null, driverClass -> com.microsoft.sqlserver.jdbc.SQLServerDriver, factoryClassLocation -> null, forceIgnoreUnresolvedTransactions -> false, identityToken -> 1hge16k9b8zoeo710xza1e|4ddbbdf8, idleConnectionTestPeriod -> 0, initialPoolSize -> 1, jdbcUrl -> jdbc:sqlserver://115.28.160.96:1433;DatabaseName=HotERPService_Test, maxAdministrativeTaskTime -> 0, maxConnectionAge -> 0, maxIdleTime -> 20, maxIdleTimeExcessConnections -> 0, maxPoolSize -> 40, maxStatements -> 0, maxStatementsPerConnection -> 0, minPoolSize -> 1, numHelperThreads -> 3, preferredTestQuery -> null, properties -> {user=******, password=******}, propertyCycle -> 0, statementCacheNumDeferredCloseThreads -> 0, testConnectionOnCheckin -> false, testConnectionOnCheckout -> false, unreturnedConnectionTimeout -> 0, userOverrides -> {}, usesTraditionalReflectiveProxies -> false ]
2015-08-12 13:35:02,692 - HHH000230: Schema export complete
2015-08-12 13:35:03,163 - Session Metrics {
    0 nanoseconds spent acquiring 0 JDBC connections;
    0 nanoseconds spent releasing 0 JDBC connections;
    0 nanoseconds spent preparing 0 JDBC statements;
    0 nanoseconds spent executing 0 JDBC statements;
    0 nanoseconds spent executing 0 JDBC batches;
    0 nanoseconds spent performing 0 L2C puts;
    0 nanoseconds spent performing 0 L2C hits;
    0 nanoseconds spent performing 0 L2C misses;
    0 nanoseconds spent executing 0 flushes (flushing a total of 0 entities and 0 collections);
    0 nanoseconds spent executing 0 partial-flushes (flushing a total of 0 entities and 0 collections)
}
2015-08-12 13:35:03,209 - Session Metrics {
    0 nanoseconds spent acquiring 0 JDBC connections;
    0 nanoseconds spent releasing 0 JDBC connections;
    0 nanoseconds spent preparing 0 JDBC statements;
    0 nanoseconds spent executing 0 JDBC statements;
    0 nanoseconds spent executing 0 JDBC batches;
    0 nanoseconds spent performing 0 L2C puts;
    0 nanoseconds spent performing 0 L2C hits;
    0 nanoseconds spent performing 0 L2C misses;
    0 nanoseconds spent executing 0 flushes (flushing a total of 0 entities and 0 collections);
    0 nanoseconds spent executing 0 partial-flushes (flushing a total of 0 entities and 0 collections)
}
2015-08-12 13:35:03,291 - Session Metrics {
    0 nanoseconds spent acquiring 0 JDBC connections;
    0 nanoseconds spent releasing 0 JDBC connections;
    0 nanoseconds spent preparing 0 JDBC statements;
    0 nanoseconds spent executing 0 JDBC statements;
    0 nanoseconds spent executing 0 JDBC batches;
    0 nanoseconds spent performing 0 L2C puts;
    0 nanoseconds spent performing 0 L2C hits;
    0 nanoseconds spent performing 0 L2C misses;
    0 nanoseconds spent executing 0 flushes (flushing a total of 0 entities and 0 collections);
    0 nanoseconds spent executing 0 partial-flushes (flushing a total of 0 entities and 0 collections)
}
2015-08-12 13:35:03,295 - Session Metrics {
    0 nanoseconds spent acquiring 0 JDBC connections;
    0 nanoseconds spent releasing 0 JDBC connections;
    0 nanoseconds spent preparing 0 JDBC statements;
    0 nanoseconds spent executing 0 JDBC statements;
    0 nanoseconds spent executing 0 JDBC batches;
    0 nanoseconds spent performing 0 L2C puts;
    0 nanoseconds spent performing 0 L2C hits;
    0 nanoseconds spent performing 0 L2C misses;
    0 nanoseconds spent executing 0 flushes (flushing a total of 0 entities and 0 collections);
    0 nanoseconds spent executing 0 partial-flushes (flushing a total of 0 entities and 0 collections)
}
2015-08-12 13:35:03,315 - Session Metrics {
    0 nanoseconds spent acquiring 0 JDBC connections;
    0 nanoseconds spent releasing 0 JDBC connections;
    0 nanoseconds spent preparing 0 JDBC statements;
    0 nanoseconds spent executing 0 JDBC statements;
    0 nanoseconds spent executing 0 JDBC batches;
    0 nanoseconds spent performing 0 L2C puts;
    0 nanoseconds spent performing 0 L2C hits;
    0 nanoseconds spent performing 0 L2C misses;
    0 nanoseconds spent executing 0 flushes (flushing a total of 0 entities and 0 collections);
    0 nanoseconds spent executing 0 partial-flushes (flushing a total of 0 entities and 0 collections)
}
2015-08-12 13:35:03,361 - Session Metrics {
    0 nanoseconds spent acquiring 0 JDBC connections;
    0 nanoseconds spent releasing 0 JDBC connections;
    0 nanoseconds spent preparing 0 JDBC statements;
    0 nanoseconds spent executing 0 JDBC statements;
    0 nanoseconds spent executing 0 JDBC batches;
    0 nanoseconds spent performing 0 L2C puts;
    0 nanoseconds spent performing 0 L2C hits;
    0 nanoseconds spent performing 0 L2C misses;
    0 nanoseconds spent executing 0 flushes (flushing a total of 0 entities and 0 collections);
    0 nanoseconds spent executing 0 partial-flushes (flushing a total of 0 entities and 0 collections)
}
2015-08-12 13:35:03,412 - Session Metrics {
    0 nanoseconds spent acquiring 0 JDBC connections;
    0 nanoseconds spent releasing 0 JDBC connections;
    0 nanoseconds spent preparing 0 JDBC statements;
    0 nanoseconds spent executing 0 JDBC statements;
    0 nanoseconds spent executing 0 JDBC batches;
    0 nanoseconds spent performing 0 L2C puts;
    0 nanoseconds spent performing 0 L2C hits;
    0 nanoseconds spent performing 0 L2C misses;
    0 nanoseconds spent executing 0 flushes (flushing a total of 0 entities and 0 collections);
    0 nanoseconds spent executing 0 partial-flushes (flushing a total of 0 entities and 0 collections)
}
2015-08-12 13:35:03,433 - Session Metrics {
    0 nanoseconds spent acquiring 0 JDBC connections;
    0 nanoseconds spent releasing 0 JDBC connections;
    0 nanoseconds spent preparing 0 JDBC statements;
    0 nanoseconds spent executing 0 JDBC statements;
    0 nanoseconds spent executing 0 JDBC batches;
    0 nanoseconds spent performing 0 L2C puts;
    0 nanoseconds spent performing 0 L2C hits;
    0 nanoseconds spent performing 0 L2C misses;
    0 nanoseconds spent executing 0 flushes (flushing a total of 0 entities and 0 collections);
    0 nanoseconds spent executing 0 partial-flushes (flushing a total of 0 entities and 0 collections)
}
2015-08-12 13:35:03,462 - Session Metrics {
    0 nanoseconds spent acquiring 0 JDBC connections;
    0 nanoseconds spent releasing 0 JDBC connections;
    0 nanoseconds spent preparing 0 JDBC statements;
    0 nanoseconds spent executing 0 JDBC statements;
    0 nanoseconds spent executing 0 JDBC batches;
    0 nanoseconds spent performing 0 L2C puts;
    0 nanoseconds spent performing 0 L2C hits;
    0 nanoseconds spent performing 0 L2C misses;
    0 nanoseconds spent executing 0 flushes (flushing a total of 0 entities and 0 collections);
    0 nanoseconds spent executing 0 partial-flushes (flushing a total of 0 entities and 0 collections)
}
2015-08-12 13:35:03,471 - Session Metrics {
    0 nanoseconds spent acquiring 0 JDBC connections;
    0 nanoseconds spent releasing 0 JDBC connections;
    0 nanoseconds spent preparing 0 JDBC statements;
    0 nanoseconds spent executing 0 JDBC statements;
    0 nanoseconds spent executing 0 JDBC batches;
    0 nanoseconds spent performing 0 L2C puts;
    0 nanoseconds spent performing 0 L2C hits;
    0 nanoseconds spent performing 0 L2C misses;
    0 nanoseconds spent executing 0 flushes (flushing a total of 0 entities and 0 collections);
    0 nanoseconds spent executing 0 partial-flushes (flushing a total of 0 entities and 0 collections)
}
2015-08-12 13:35:03,965 - Mapped "{[/hotErpApi/createOrder/{erpInfo}/{erpCode}],methods=[],params=[],headers=[],consumes=[],produces=[],custom=[]}" onto public void com.huobanplus.erpservice.htcomponent.controller.impl.HotApiControllerImpl.createOrder(java.lang.String,javax.servlet.http.HttpServletRequest)
2015-08-12 13:35:03,967 - Mapped "{[/hotErpApi/getProInventory/{erpInfo}],methods=[],params=[],headers=[],consumes=[],produces=[],custom=[]}" onto public void com.huobanplus.erpservice.htcomponent.controller.impl.HotApiControllerImpl.getProInventory(java.lang.String,javax.servlet.http.HttpServletRequest)
2015-08-12 13:35:03,969 - Mapped "{[/hotErpApi/getOrderInfo/{erpInfo}],methods=[],params=[],headers=[],consumes=[],produces=[],custom=[]}" onto public void com.huobanplus.erpservice.htcomponent.controller.impl.HotApiControllerImpl.getOrderInfo(java.lang.String,javax.servlet.http.HttpServletRequest)
2015-08-12 13:35:03,969 - Mapped "{[/hotErpApi/modifyOrderInfo/{erpInfo}],methods=[],params=[],headers=[],consumes=[],produces=[],custom=[]}" onto public void com.huobanplus.erpservice.htcomponent.controller.impl.HotApiControllerImpl.modifyOrderInfo(java.lang.String,javax.servlet.http.HttpServletRequest)
2015-08-12 13:35:03,971 - Mapped "{[/hotErpApi/obtainProductInfo/{erpInfo}],methods=[],params=[],headers=[],consumes=[],produces=[],custom=[]}" onto public void com.huobanplus.erpservice.htcomponent.controller.impl.HotApiControllerImpl.obtainProductInfo(java.lang.String,javax.servlet.http.HttpServletRequest)
2015-08-12 13:35:03,973 - Mapped "{[/hotErpApi/modifyDeliveryInfo/{erpInfo}],methods=[],params=[],headers=[],consumes=[],produces=[],custom=[]}" onto public void com.huobanplus.erpservice.htcomponent.controller.impl.HotApiControllerImpl.modifyDeliveryInfo(java.lang.String,javax.servlet.http.HttpServletRequest)
2015-08-12 13:35:03,975 - Mapped "{[/obtainOrderDetail],methods=[GET],params=[],headers=[],consumes=[],produces=[],custom=[]}" onto public com.huobanplus.erpservice.event.model.Monitor<com.huobanplus.erpservice.event.model.EventResult> com.huobanplus.erpservice.htcomponent.controller.NetShopController.obtainOrderDetail(java.lang.String,java.lang.String,java.lang.String,java.lang.String,java.lang.String,java.lang.String,java.lang.String,java.lang.String)
2015-08-12 13:35:03,977 - Mapped "{[/hotClientOrderApi/createOrder],methods=[POST],params=[],headers=[],consumes=[],produces=[],custom=[]}" onto public com.huobanplus.erpservice.transit.bean.ApiResult com.huobanplus.erpservice.transit.controller.impl.HotOrderControllerImpl.createOrder(java.lang.String,com.huobanplus.erpservice.event.model.ERPInfo,java.lang.String)
2015-08-12 13:35:03,978 - Mapped "{[/hotClientOrderApi/orderStatusUpdate],methods=[POST],params=[],headers=[],consumes=[],produces=[],custom=[]}" onto public com.huobanplus.erpservice.transit.bean.ApiResult com.huobanplus.erpservice.transit.controller.impl.HotOrderControllerImpl.orderStatusUpdate(java.lang.String,com.huobanplus.erpservice.event.model.ERPInfo,java.lang.String)
2015-08-12 13:35:03,979 - Mapped "{[/hotClientOrderApi/orderDeliver],methods=[POST],params=[],headers=[],consumes=[],produces=[],custom=[]}" onto public com.huobanplus.erpservice.transit.bean.ApiResult com.huobanplus.erpservice.transit.controller.impl.HotOrderControllerImpl.orderDeliver(java.lang.String,com.huobanplus.erpservice.event.model.ERPInfo,java.lang.String)
2015-08-12 13:35:03,982 - Mapped "{[/hotClientOrderApi/obtainOrder],methods=[POST],params=[],headers=[],consumes=[],produces=[],custom=[]}" onto public com.huobanplus.erpservice.transit.bean.ApiResult com.huobanplus.erpservice.transit.controller.impl.HotOrderControllerImpl.obtainOrder(com.huobanplus.erpservice.event.model.ERPInfo,java.lang.String)
2015-08-12 13:35:03,984 - Mapped "{[/hotClientOrderApi/orderUpdate],methods=[POST],params=[],headers=[],consumes=[],produces=[],custom=[]}" onto public com.huobanplus.erpservice.transit.bean.ApiResult com.huobanplus.erpservice.transit.controller.impl.HotOrderControllerImpl.orderUpdate(java.lang.String,com.huobanplus.erpservice.event.model.ERPInfo,java.lang.String)
2015-08-12 13:35:03,986 - Mapped "{[/obtainInventory],methods=[POST],params=[],headers=[],consumes=[],produces=[],custom=[]}" onto public com.huobanplus.erpservice.transit.bean.ApiResult com.huobanplus.erpservice.transit.controller.impl.HotProductControllerImpl.obtainInventory(com.huobanplus.erpservice.event.model.ERPInfo,java.lang.String)
2015-08-12 13:35:03,987 - Mapped "{[/hotClientStorageApi/outStoreWriteBack],methods=[POST],params=[],headers=[],consumes=[],produces=[],custom=[]}" onto public com.huobanplus.erpservice.transit.bean.ApiResult com.huobanplus.erpservice.transit.controller.impl.HotStorageControllerImpl.outStoreWriteBack(java.lang.String,com.huobanplus.erpservice.event.model.ERPInfo,java.lang.String)
2015-08-12 13:35:03,988 - Mapped "{[/hotClientStorageApi/outStoreConfirm],methods=[POST],params=[],headers=[],consumes=[],produces=[],custom=[]}" onto public com.huobanplus.erpservice.transit.bean.ApiResult com.huobanplus.erpservice.transit.controller.impl.HotStorageControllerImpl.outStoreConfirm(java.lang.String,com.huobanplus.erpservice.event.model.ERPInfo,java.lang.String)
2015-08-12 13:35:03,990 - Mapped "{[/hotClientStorageApi/outStoreAdd],methods=[POST],params=[],headers=[],consumes=[],produces=[],custom=[]}" onto public com.huobanplus.erpservice.transit.bean.ApiResult com.huobanplus.erpservice.transit.controller.impl.HotStorageControllerImpl.outStoreAdd(java.lang.String,com.huobanplus.erpservice.event.model.ERPInfo,java.lang.String)
2015-08-12 13:35:04,022 - Mapped URL path [/**] onto handler of type [class org.springframework.web.servlet.resource.DefaultServletHttpRequestHandler]
2015-08-12 13:35:04,349 - Looking for @ControllerAdvice: org.springframework.web.context.support.GenericWebApplicationContext@22a67b4: startup date [Wed Aug 12 13:34:55 CST 2015]; root of context hierarchy
2015-08-12 13:35:04,523 - Initializing Spring FrameworkServlet ''
2015-08-12 13:35:04,524 - FrameworkServlet '': initialization started
2015-08-12 13:35:04,552 - FrameworkServlet '': initialization completed in 28 ms
2015-08-12 13:35:04,700 - Closing org.springframework.web.context.support.GenericWebApplicationContext@22a67b4: startup date [Wed Aug 12 13:34:55 CST 2015]; root of context hierarchy
2015-08-12 13:35:04,711 - Closing JPA EntityManagerFactory for persistence unit 'basePu'
2015-08-12 13:35:04,713 - Shutting down ExecutorService 'scheduler'
2015-08-12 13:35:04,713 - Shutting down ExecutorService
